<?xml version="1.0" encoding="UTF-8"?>
<!-- Generated by org.testng.reporters.JUnitXMLReporter -->
<testsuite ignored="0" hostname="MXLAGIL8079" failures="0" tests="2" name="testSignupSmoke" time="5.414" errors="0" timestamp="2024-11-25T20:43:28 MST">
  <testcase classname="io.cucumber.testng.AbstractTestNGCucumberTests" name="runScenario" time="5.195"/>
  <testcase classname="io.cucumber.testng.AbstractTestNGCucumberTests" name="runScenario" time="5.194"/>
</testsuite> <!-- testSignupSmoke -->
