<?xml version="1.0" encoding="UTF-8"?>
<testng-results ignored="0" total="4" passed="4" failed="0" skipped="0">
  <reporter-output>
  </reporter-output>
  <suite started-at="2024-11-23T05:02:36 GMT" name="Regression" finished-at="2024-11-23T05:03:04 GMT" duration-ms="28519">
    <groups>
      <group name="cucumber">
        <method signature="AbstractTestNGCucumberTests.runScenario(io.cucumber.testng.PickleWrapper,io.cucumber.testng.FeatureWrapper)[pri:0, instance:runners.RegressionRunner@2a54a73f]" name="runScenario" class="io.cucumber.testng.AbstractTestNGCucumberTests"/>
        <method signature="AbstractTestNGCucumberTests.runScenario(io.cucumber.testng.PickleWrapper,io.cucumber.testng.FeatureWrapper)[pri:0, instance:runners.SmokeRunner@6e0f5f7f]" name="runScenario" class="io.cucumber.testng.AbstractTestNGCucumberTests"/>
      </group> <!-- cucumber -->
    </groups>
    <test started-at="2024-11-23T05:02:36 GMT" name="testSignupSmoke" finished-at="2024-11-23T05:02:46 GMT" duration-ms="10835">
      <class name="runners.SmokeRunner">
        <test-method is-config="true" signature="setUpClass(org.testng.ITestContext)[pri:0, instance:runners.SmokeRunner@6e0f5f7f]" started-at="2024-11-23T05:02:36 GMT" name="setUpClass" finished-at="2024-11-23T05:02:36 GMT" duration-ms="220" status="PASS">
          <params>
            <param index="0">
              <value>
                <![CDATA[org.testng.TestRunner@6d4d66d2]]>
              </value>
            </param>
          </params>
          <reporter-output>
          </reporter-output>
        </test-method> <!-- setUpClass -->
        <test-method signature="runScenario(io.cucumber.testng.PickleWrapper,io.cucumber.testng.FeatureWrapper)[pri:0, instance:runners.SmokeRunner@6e0f5f7f]" started-at="2024-11-23T05:02:36 GMT" name="runScenario" description="Runs Cucumber Scenarios" data-provider="scenarios" finished-at="2024-11-23T05:02:46 GMT" duration-ms="10588" status="PASS">
          <params>
            <param index="0">
              <value>
                <![CDATA["Move to login page"]]>
              </value>
            </param>
            <param index="1">
              <value>
                <![CDATA["Signup and Login functionalities."]]>
              </value>
            </param>
          </params>
          <reporter-output>
          </reporter-output>
        </test-method> <!-- runScenario -->
        <test-method signature="runScenario(io.cucumber.testng.PickleWrapper,io.cucumber.testng.FeatureWrapper)[pri:0, instance:runners.SmokeRunner@6e0f5f7f]" started-at="2024-11-23T05:02:36 GMT" name="runScenario" description="Runs Cucumber Scenarios" data-provider="scenarios" finished-at="2024-11-23T05:02:46 GMT" duration-ms="10459" status="PASS">
          <params>
            <param index="0">
              <value>
                <![CDATA["Move to login page"]]>
              </value>
            </param>
            <param index="1">
              <value>
                <![CDATA["Signup and Login functionalities."]]>
              </value>
            </param>
          </params>
          <reporter-output>
          </reporter-output>
        </test-method> <!-- runScenario -->
        <test-method is-config="true" signature="tearDownClass()[pri:0, instance:runners.SmokeRunner@6e0f5f7f]" started-at="2024-11-23T05:02:46 GMT" name="tearDownClass" finished-at="2024-11-23T05:02:46 GMT" duration-ms="2" status="PASS">
          <reporter-output>
          </reporter-output>
        </test-method> <!-- tearDownClass -->
      </class> <!-- runners.SmokeRunner -->
    </test> <!-- testSignupSmoke -->
    <test started-at="2024-11-23T05:02:36 GMT" name="testSignup" finished-at="2024-11-23T05:03:04 GMT" duration-ms="28519">
      <class name="runners.RegressionRunner">
        <test-method is-config="true" signature="setUpClass(org.testng.ITestContext)[pri:0, instance:runners.RegressionRunner@2a54a73f]" started-at="2024-11-23T05:02:36 GMT" name="setUpClass" finished-at="2024-11-23T05:02:36 GMT" duration-ms="220" status="PASS">
          <params>
            <param index="0">
              <value>
                <![CDATA[org.testng.TestRunner@54c5a2ff]]>
              </value>
            </param>
          </params>
          <reporter-output>
          </reporter-output>
        </test-method> <!-- setUpClass -->
        <test-method signature="runScenario(io.cucumber.testng.PickleWrapper,io.cucumber.testng.FeatureWrapper)[pri:0, instance:runners.RegressionRunner@2a54a73f]" started-at="2024-11-23T05:02:36 GMT" name="runScenario" description="Runs Cucumber Scenarios" data-provider="scenarios" finished-at="2024-11-23T05:03:04 GMT" duration-ms="28275" status="PASS">
          <params>
            <param index="0">
              <value>
                <![CDATA["Register successfully a new user"]]>
              </value>
            </param>
            <param index="1">
              <value>
                <![CDATA["Signup and Login functionalities."]]>
              </value>
            </param>
          </params>
          <reporter-output>
          </reporter-output>
        </test-method> <!-- runScenario -->
        <test-method signature="runScenario(io.cucumber.testng.PickleWrapper,io.cucumber.testng.FeatureWrapper)[pri:0, instance:runners.RegressionRunner@2a54a73f]" started-at="2024-11-23T05:02:36 GMT" name="runScenario" description="Runs Cucumber Scenarios" data-provider="scenarios" finished-at="2024-11-23T05:02:57 GMT" duration-ms="20840" status="PASS">
          <params>
            <param index="0">
              <value>
                <![CDATA["Register successfully a new user"]]>
              </value>
            </param>
            <param index="1">
              <value>
                <![CDATA["Signup and Login functionalities."]]>
              </value>
            </param>
          </params>
          <reporter-output>
          </reporter-output>
        </test-method> <!-- runScenario -->
        <test-method is-config="true" signature="tearDownClass()[pri:0, instance:runners.RegressionRunner@2a54a73f]" started-at="2024-11-23T05:03:04 GMT" name="tearDownClass" finished-at="2024-11-23T05:03:04 GMT" duration-ms="0" status="PASS">
          <reporter-output>
          </reporter-output>
        </test-method> <!-- tearDownClass -->
      </class> <!-- runners.RegressionRunner -->
    </test> <!-- testSignup -->
  </suite> <!-- Regression -->
</testng-results>
