<?xml version="1.0" encoding="UTF-8"?>
<testng-results ignored="0" total="4" passed="4" failed="0" skipped="0">
  <reporter-output>
  </reporter-output>
  <suite started-at="2024-11-21T19:46:30 MST" name="Regression" finished-at="2024-11-21T19:46:58 MST" duration-ms="27032">
    <groups>
      <group name="cucumber">
        <method signature="AbstractTestNGCucumberTests.runScenario(io.cucumber.testng.PickleWrapper,io.cucumber.testng.FeatureWrapper)[pri:0, instance:runners.RegressionRunner@20f5239f]" name="runScenario" class="io.cucumber.testng.AbstractTestNGCucumberTests"/>
        <method signature="AbstractTestNGCucumberTests.runScenario(io.cucumber.testng.PickleWrapper,io.cucumber.testng.FeatureWrapper)[pri:0, instance:runners.SmokeRunner@56cdfb3b]" name="runScenario" class="io.cucumber.testng.AbstractTestNGCucumberTests"/>
      </group> <!-- cucumber -->
    </groups>
    <test started-at="2024-11-21T19:46:30 MST" name="testSignupSmoke" finished-at="2024-11-21T19:46:40 MST" duration-ms="9771">
      <class name="runners.SmokeRunner">
        <test-method is-config="true" signature="setUpClass(org.testng.ITestContext)[pri:0, instance:runners.SmokeRunner@56cdfb3b]" started-at="2024-11-21T19:46:31 MST" name="setUpClass" finished-at="2024-11-21T19:46:31 MST" duration-ms="160" status="PASS">
          <params>
            <param index="0">
              <value>
                <![CDATA[org.testng.TestRunner@41a0aa7d]]>
              </value>
            </param>
          </params>
          <reporter-output>
          </reporter-output>
        </test-method> <!-- setUpClass -->
        <test-method signature="runScenario(io.cucumber.testng.PickleWrapper,io.cucumber.testng.FeatureWrapper)[pri:0, instance:runners.SmokeRunner@56cdfb3b]" started-at="2024-11-21T19:46:31 MST" name="runScenario" description="Runs Cucumber Scenarios" data-provider="scenarios" finished-at="2024-11-21T19:46:40 MST" duration-ms="8830" status="PASS">
          <params>
            <param index="0">
              <value>
                <![CDATA["Move to login page"]]>
              </value>
            </param>
            <param index="1">
              <value>
                <![CDATA["Signup and Login functionalities."]]>
              </value>
            </param>
          </params>
          <reporter-output>
          </reporter-output>
        </test-method> <!-- runScenario -->
        <test-method signature="runScenario(io.cucumber.testng.PickleWrapper,io.cucumber.testng.FeatureWrapper)[pri:0, instance:runners.SmokeRunner@56cdfb3b]" started-at="2024-11-21T19:46:31 MST" name="runScenario" description="Runs Cucumber Scenarios" data-provider="scenarios" finished-at="2024-11-21T19:46:40 MST" duration-ms="9575" status="PASS">
          <params>
            <param index="0">
              <value>
                <![CDATA["Move to login page"]]>
              </value>
            </param>
            <param index="1">
              <value>
                <![CDATA["Signup and Login functionalities."]]>
              </value>
            </param>
          </params>
          <reporter-output>
          </reporter-output>
        </test-method> <!-- runScenario -->
        <test-method is-config="true" signature="tearDownClass()[pri:0, instance:runners.SmokeRunner@56cdfb3b]" started-at="2024-11-21T19:46:40 MST" name="tearDownClass" finished-at="2024-11-21T19:46:40 MST" duration-ms="2" status="PASS">
          <reporter-output>
          </reporter-output>
        </test-method> <!-- tearDownClass -->
      </class> <!-- runners.SmokeRunner -->
    </test> <!-- testSignupSmoke -->
    <test started-at="2024-11-21T19:46:30 MST" name="testSignup" finished-at="2024-11-21T19:46:58 MST" duration-ms="27031">
      <class name="runners.RegressionRunner">
        <test-method is-config="true" signature="setUpClass(org.testng.ITestContext)[pri:0, instance:runners.RegressionRunner@20f5239f]" started-at="2024-11-21T19:46:31 MST" name="setUpClass" finished-at="2024-11-21T19:46:31 MST" duration-ms="160" status="PASS">
          <params>
            <param index="0">
              <value>
                <![CDATA[org.testng.TestRunner@e350b40]]>
              </value>
            </param>
          </params>
          <reporter-output>
          </reporter-output>
        </test-method> <!-- setUpClass -->
        <test-method signature="runScenario(io.cucumber.testng.PickleWrapper,io.cucumber.testng.FeatureWrapper)[pri:0, instance:runners.RegressionRunner@20f5239f]" started-at="2024-11-21T19:46:31 MST" name="runScenario" description="Runs Cucumber Scenarios" data-provider="scenarios" finished-at="2024-11-21T19:46:51 MST" duration-ms="19948" status="PASS">
          <params>
            <param index="0">
              <value>
                <![CDATA["Register successfully a new user"]]>
              </value>
            </param>
            <param index="1">
              <value>
                <![CDATA["Signup and Login functionalities."]]>
              </value>
            </param>
          </params>
          <reporter-output>
          </reporter-output>
        </test-method> <!-- runScenario -->
        <test-method signature="runScenario(io.cucumber.testng.PickleWrapper,io.cucumber.testng.FeatureWrapper)[pri:0, instance:runners.RegressionRunner@20f5239f]" started-at="2024-11-21T19:46:31 MST" name="runScenario" description="Runs Cucumber Scenarios" data-provider="scenarios" finished-at="2024-11-21T19:46:58 MST" duration-ms="26840" status="PASS">
          <params>
            <param index="0">
              <value>
                <![CDATA["Register successfully a new user"]]>
              </value>
            </param>
            <param index="1">
              <value>
                <![CDATA["Signup and Login functionalities."]]>
              </value>
            </param>
          </params>
          <reporter-output>
          </reporter-output>
        </test-method> <!-- runScenario -->
        <test-method is-config="true" signature="tearDownClass()[pri:0, instance:runners.RegressionRunner@20f5239f]" started-at="2024-11-21T19:46:58 MST" name="tearDownClass" finished-at="2024-11-21T19:46:58 MST" duration-ms="0" status="PASS">
          <reporter-output>
          </reporter-output>
        </test-method> <!-- tearDownClass -->
      </class> <!-- runners.RegressionRunner -->
    </test> <!-- testSignup -->
  </suite> <!-- Regression -->
</testng-results>
