<?xml version="1.0" encoding="UTF-8"?>
<testsuite xmlns:xsi="http://www.w3.org/2001/XMLSchema-instance" xsi:noNamespaceSchemaLocation="https://maven.apache.org/surefire/maven-surefire-plugin/xsd/surefire-test-report-3.0.xsd" version="3.0" name="TestSuite" time="29.671" tests="4" errors="0" skipped="0" failures="1">
  <properties>
[...]
</properties>
  <testcase name="runScenario[&quot;Move to login page&quot;, &quot;Signup and Login functionalities.&quot;](1)" classname="runners.SmokeRunner" time="6.918">
    <system-out><![CDATA[16:32:26.762 [main] DEBUG org.testng.TestNG -- suiteXmlPath: "C:\Users\francisco.ortiz\dockerworkspace\04-selenium-grid\selenium-grid-dockers\test-suites\signup-test.xml"
]]></system-out>
    <system-err><![CDATA[Nov 19, 2024 4:32:27 PM org.openqa.selenium.remote.tracing.opentelemetry.OpenTelemetryTracer createTracer
INFO: Using OpenTelemetry for tracing
]]></system-err>
  </testcase>
  <testcase name="runScenario[&quot;Move to login page&quot;, &quot;Signup and Login functionalities.&quot;](2)" classname="runners.SmokeRunner" time="28.84">
    <failure message="Expected condition failed: waiting for visibility of element located by By.cssSelector: button[data-qa=&apos;create-account&apos;] (tried for 20 second(s) with 500 milliseconds interval)&#10;Build info: version: &apos;4.23.0&apos;, revision: &apos;4df0a231af&apos;&#10;System info: os.name: &apos;Windows 10&apos;, os.arch: &apos;amd64&apos;, os.version: &apos;10.0&apos;, java.version: &apos;17.0.12&apos;&#10;Driver info: org.openqa.selenium.remote.RemoteWebDriver&#10;Capabilities {acceptInsecureCerts: false, browserName: chrome, browserVersion: 130.0.6723.91, chrome: {chromedriverVersion: 130.0.6723.91 (53ac07678369..., userDataDir: /tmp/.org.chromium.Chromium...}, fedcm:accounts: true, goog:chromeOptions: {debuggerAddress: localhost:36701}, networkConnectionEnabled: false, pageLoadStrategy: normal, platformName: linux, proxy: Proxy(), se:bidiEnabled: false, se:cdp: ws://172.18.0.3:4444/sessio..., se:cdpVersion: 130.0.6723.91, se:containerName: , se:noVncPort: 7900, se:vnc: ws://172.18.0.3:4444/sessio..., se:vncEnabled: true, se:vncLocalAddress: ws://172.18.0.3:7900, setWindowRect: true, strictFileInteractability: false, timeouts: {implicit: 0, pageLoad: 300000, script: 30000}, unhandledPromptBehavior: dismiss and notify, webauthn:extension:credBlob: true, webauthn:extension:largeBlob: true, webauthn:extension:minPinLength: true, webauthn:extension:prf: true, webauthn:virtualAuthenticators: true}&#10;Session ID: 92a14881ed2a20f156578fbd446850a0" type="org.openqa.selenium.TimeoutException"><![CDATA[org.openqa.selenium.TimeoutException: 
Expected condition failed: waiting for visibility of element located by By.cssSelector: button[data-qa='create-account'] (tried for 20 second(s) with 500 milliseconds interval)
Build info: version: '4.23.0', revision: '4df0a231af'
System info: os.name: 'Windows 10', os.arch: 'amd64', os.version: '10.0', java.version: '17.0.12'
Driver info: org.openqa.selenium.remote.RemoteWebDriver
Capabilities {acceptInsecureCerts: false, browserName: chrome, browserVersion: 130.0.6723.91, chrome: {chromedriverVersion: 130.0.6723.91 (53ac07678369..., userDataDir: /tmp/.org.chromium.Chromium...}, fedcm:accounts: true, goog:chromeOptions: {debuggerAddress: localhost:36701}, networkConnectionEnabled: false, pageLoadStrategy: normal, platformName: linux, proxy: Proxy(), se:bidiEnabled: false, se:cdp: ws://172.18.0.3:4444/sessio..., se:cdpVersion: 130.0.6723.91, se:containerName: , se:noVncPort: 7900, se:vnc: ws://172.18.0.3:4444/sessio..., se:vncEnabled: true, se:vncLocalAddress: ws://172.18.0.3:7900, setWindowRect: true, strictFileInteractability: false, timeouts: {implicit: 0, pageLoad: 300000, script: 30000}, unhandledPromptBehavior: dismiss and notify, webauthn:extension:credBlob: true, webauthn:extension:largeBlob: true, webauthn:extension:minPinLength: true, webauthn:extension:prf: true, webauthn:virtualAuthenticators: true}
Session ID: 92a14881ed2a20f156578fbd446850a0
	at org.openqa.selenium.support.ui.WebDriverWait.timeoutException(WebDriverWait.java:84)
	at org.openqa.selenium.support.ui.FluentWait.until(FluentWait.java:228)
	at utils.GenericActions.waitForElementVisibility(GenericActions.java:48)
	at utils.GenericActions.moveToWebElementJs(GenericActions.java:114)
	at stepDefinition.LogInPageStepDef.user_press_create_account_button(LogInPageStepDef.java:68)
	at ✽.User press create account button(file:///C:/Users/francisco.ortiz/dockerworkspace/04-selenium-grid/selenium-grid-dockers/src/test/java/features/signUp2.feature:10)
]]></failure>
  </testcase>
  <testcase name="runScenario[&quot;Register successfully a new user&quot;, &quot;Signup and Login functionalities.&quot;](1)" classname="runners.RegressionRunner" time="21.186"/>
  <testcase name="runScenario[&quot;Register successfully a new user&quot;, &quot;Signup and Login functionalities.&quot;](2)" classname="runners.RegressionRunner" time="22.519"/>
</testsuite>