<?xml version="1.0" encoding="UTF-8"?>
<testng-results ignored="0" total="4" passed="4" failed="0" skipped="0">
  <reporter-output>
  </reporter-output>
  <suite started-at="2024-11-19T19:18:29 MST" name="Regression" finished-at="2024-11-19T19:18:50 MST" duration-ms="21310">
    <groups>
      <group name="cucumber">
        <method signature="AbstractTestNGCucumberTests.runScenario(io.cucumber.testng.PickleWrapper,io.cucumber.testng.FeatureWrapper)[pri:0, instance:runners.RegressionRunner@a1cdc6d]" name="runScenario" class="io.cucumber.testng.AbstractTestNGCucumberTests"/>
        <method signature="AbstractTestNGCucumberTests.runScenario(io.cucumber.testng.PickleWrapper,io.cucumber.testng.FeatureWrapper)[pri:0, instance:runners.SmokeRunner@78ffe6dc]" name="runScenario" class="io.cucumber.testng.AbstractTestNGCucumberTests"/>
      </group> <!-- cucumber -->
    </groups>
    <test started-at="2024-11-19T19:18:29 MST" name="testSignupSmoke" finished-at="2024-11-19T19:18:39 MST" duration-ms="9475">
      <class name="runners.SmokeRunner">
        <test-method is-config="true" signature="setUpClass(org.testng.ITestContext)[pri:0, instance:runners.SmokeRunner@78ffe6dc]" started-at="2024-11-19T19:18:29 MST" name="setUpClass" finished-at="2024-11-19T19:18:29 MST" duration-ms="172" status="PASS">
          <params>
            <param index="0">
              <value>
                <![CDATA[org.testng.TestRunner@446293d]]>
              </value>
            </param>
          </params>
          <reporter-output>
          </reporter-output>
        </test-method> <!-- setUpClass -->
        <test-method signature="runScenario(io.cucumber.testng.PickleWrapper,io.cucumber.testng.FeatureWrapper)[pri:0, instance:runners.SmokeRunner@78ffe6dc]" started-at="2024-11-19T19:18:29 MST" name="runScenario" description="Runs Cucumber Scenarios" data-provider="scenarios" finished-at="2024-11-19T19:18:38 MST" duration-ms="8814" status="PASS">
          <params>
            <param index="0">
              <value>
                <![CDATA["Move to login page"]]>
              </value>
            </param>
            <param index="1">
              <value>
                <![CDATA["Signup and Login functionalities."]]>
              </value>
            </param>
          </params>
          <reporter-output>
          </reporter-output>
        </test-method> <!-- runScenario -->
        <test-method signature="runScenario(io.cucumber.testng.PickleWrapper,io.cucumber.testng.FeatureWrapper)[pri:0, instance:runners.SmokeRunner@78ffe6dc]" started-at="2024-11-19T19:18:29 MST" name="runScenario" description="Runs Cucumber Scenarios" data-provider="scenarios" finished-at="2024-11-19T19:18:39 MST" duration-ms="9267" status="PASS">
          <params>
            <param index="0">
              <value>
                <![CDATA["Move to login page"]]>
              </value>
            </param>
            <param index="1">
              <value>
                <![CDATA["Signup and Login functionalities."]]>
              </value>
            </param>
          </params>
          <reporter-output>
          </reporter-output>
        </test-method> <!-- runScenario -->
        <test-method is-config="true" signature="tearDownClass()[pri:0, instance:runners.SmokeRunner@78ffe6dc]" started-at="2024-11-19T19:18:39 MST" name="tearDownClass" finished-at="2024-11-19T19:18:39 MST" duration-ms="2" status="PASS">
          <reporter-output>
          </reporter-output>
        </test-method> <!-- tearDownClass -->
      </class> <!-- runners.SmokeRunner -->
    </test> <!-- testSignupSmoke -->
    <test started-at="2024-11-19T19:18:29 MST" name="testSignup" finished-at="2024-11-19T19:18:50 MST" duration-ms="21310">
      <class name="runners.RegressionRunner">
        <test-method is-config="true" signature="setUpClass(org.testng.ITestContext)[pri:0, instance:runners.RegressionRunner@a1cdc6d]" started-at="2024-11-19T19:18:29 MST" name="setUpClass" finished-at="2024-11-19T19:18:29 MST" duration-ms="172" status="PASS">
          <params>
            <param index="0">
              <value>
                <![CDATA[org.testng.TestRunner@212b5695]]>
              </value>
            </param>
          </params>
          <reporter-output>
          </reporter-output>
        </test-method> <!-- setUpClass -->
        <test-method signature="runScenario(io.cucumber.testng.PickleWrapper,io.cucumber.testng.FeatureWrapper)[pri:0, instance:runners.RegressionRunner@a1cdc6d]" started-at="2024-11-19T19:18:29 MST" name="runScenario" description="Runs Cucumber Scenarios" data-provider="scenarios" finished-at="2024-11-19T19:18:50 MST" duration-ms="20219" status="PASS">
          <params>
            <param index="0">
              <value>
                <![CDATA["Register successfully a new user"]]>
              </value>
            </param>
            <param index="1">
              <value>
                <![CDATA["Signup and Login functionalities."]]>
              </value>
            </param>
          </params>
          <reporter-output>
          </reporter-output>
        </test-method> <!-- runScenario -->
        <test-method signature="runScenario(io.cucumber.testng.PickleWrapper,io.cucumber.testng.FeatureWrapper)[pri:0, instance:runners.RegressionRunner@a1cdc6d]" started-at="2024-11-19T19:18:29 MST" name="runScenario" description="Runs Cucumber Scenarios" data-provider="scenarios" finished-at="2024-11-19T19:18:50 MST" duration-ms="21106" status="PASS">
          <params>
            <param index="0">
              <value>
                <![CDATA["Register successfully a new user"]]>
              </value>
            </param>
            <param index="1">
              <value>
                <![CDATA["Signup and Login functionalities."]]>
              </value>
            </param>
          </params>
          <reporter-output>
          </reporter-output>
        </test-method> <!-- runScenario -->
        <test-method is-config="true" signature="tearDownClass()[pri:0, instance:runners.RegressionRunner@a1cdc6d]" started-at="2024-11-19T19:18:50 MST" name="tearDownClass" finished-at="2024-11-19T19:18:50 MST" duration-ms="0" status="PASS">
          <reporter-output>
          </reporter-output>
        </test-method> <!-- tearDownClass -->
      </class> <!-- runners.RegressionRunner -->
    </test> <!-- testSignup -->
  </suite> <!-- Regression -->
</testng-results>
